<?xml version="1.0" encoding="UTF-8"?>
<!-- Generated by org.testng.reporters.JUnitXMLReporter -->
<testsuite hostname="amitdutta" ignored="0" name="Surefire test" tests="4" failures="0" timestamp="03 Aug 2021 06:47:17 GMT" time="0.048" errors="0">
  <testcase name="calAddTest" time="0.011" classname="springmvc.calTest"/>
  <testcase name="calDivTest" time="0.0" classname="springmvc.calTest"/>
  <testcase name="calMulTest" time="0.001" classname="springmvc.calTest"/>
  <testcase name="calSubTest" time="0.001" classname="springmvc.calTest"/>
</testsuite> <!-- Surefire test -->
