<?xml version="1.0" encoding="UTF-8"?>
<testsuite xmlns:xsi="http://www.w3.org/2001/XMLSchema-instance" xsi:noNamespaceSchemaLocation="https://maven.apache.org/surefire/maven-surefire-plugin/xsd/surefire-test-report-3.0.xsd" version="3.0" name="TestSuite" time="1.096" tests="4" errors="0" skipped="0" failures="0">
  <properties>
[...]
</properties>
  <testcase name="calAddTest" classname="springmvc.calTest" time="0.014">
    <system-out><![CDATA[5.0
checl
203.0
checl
]]></system-out>
  </testcase>
  <testcase name="calDivTest" classname="springmvc.calTest" time="0.003">
    <system-out><![CDATA[5
checl
10
checl
]]></system-out>
  </testcase>
  <testcase name="calMulTest" classname="springmvc.calTest" time="0.005">
    <system-out><![CDATA[6
checl
400
checl
]]></system-out>
  </testcase>
  <testcase name="calSubTest" classname="springmvc.calTest" time="0.008">
    <system-out><![CDATA[5
check
200
check
]]></system-out>
  </testcase>
</testsuite>