<?xml version="1.0" encoding="UTF-8"?>
<testng-results skipped="0" failed="0" ignored="0" total="4" passed="4">
  <reporter-output>
  </reporter-output>
  <suite name="Surefire suite" duration-ms="48" started-at="2021-08-03T06:47:17Z" finished-at="2021-08-03T06:47:17Z">
    <groups>
    </groups>
    <test name="Surefire test" duration-ms="48" started-at="2021-08-03T06:47:17Z" finished-at="2021-08-03T06:47:17Z">
      <class name="springmvc.calTest">
        <test-method status="PASS" signature="calAddTest()[pri:0, instance:springmvc.calTest@4b9e13df]" name="calAddTest" duration-ms="11" started-at="2021-08-03T06:47:17Z" finished-at="2021-08-03T06:47:17Z">
          <reporter-output>
          </reporter-output>
        </test-method> <!-- calAddTest -->
        <test-method status="PASS" signature="calMulTest()[pri:0, instance:springmvc.calTest@4b9e13df]" name="calMulTest" duration-ms="1" started-at="2021-08-03T06:47:17Z" finished-at="2021-08-03T06:47:17Z">
          <reporter-output>
          </reporter-output>
        </test-method> <!-- calMulTest -->
        <test-method status="PASS" signature="calDivTest()[pri:0, instance:springmvc.calTest@4b9e13df]" name="calDivTest" duration-ms="0" started-at="2021-08-03T06:47:17Z" finished-at="2021-08-03T06:47:17Z">
          <reporter-output>
          </reporter-output>
        </test-method> <!-- calDivTest -->
        <test-method status="PASS" signature="calSubTest()[pri:0, instance:springmvc.calTest@4b9e13df]" name="calSubTest" duration-ms="1" started-at="2021-08-03T06:47:17Z" finished-at="2021-08-03T06:47:17Z">
          <reporter-output>
          </reporter-output>
        </test-method> <!-- calSubTest -->
      </class> <!-- springmvc.calTest -->
    </test> <!-- Surefire test -->
  </suite> <!-- Surefire suite -->
</testng-results>
